Running: C:\Xilinx\14.5\ISE_DS\ISE\bin\nt64\unwrapped\fuse.exe -intstyle ise -incremental -lib secureip -o C:/Users/yousef/Desktop/np/np/np/RobotTest_isim_beh.exe -prj C:/Users/yousef/Desktop/np/np/np/RobotTest_beh.prj work.RobotTest 
ISim P.58f (signature 0x7708f090)
Number of CPUs detected in this system: 4
Turning on mult-threading, number of parallel sub-compilation jobs: 8 
Determining compilation order of HDL files
Parsing VHDL file "C:/Users/yousef/Desktop/np/np/np/package1.vhd" into library work
Parsing VHDL file "C:/Users/yousef/Desktop/np/np/np/MyPackage.vhd" into library work
Parsing VHDL file "C:/Users/yousef/Desktop/np/np/np/MUX4x1.vhd" into library work
Parsing VHDL file "C:/Users/yousef/Desktop/np/np/np/MUX2x1.vhd" into library work
Parsing VHDL file "C:/Users/yousef/Desktop/np/np/np/adder_bit.vhd" into library work
Parsing VHDL file "C:/Users/yousef/Desktop/np/np/np/reg32_1.vhd" into library work
Parsing VHDL file "C:/Users/yousef/Desktop/np/np/np/reg32_0.vhd" into library work
Parsing VHDL file "C:/Users/yousef/Desktop/np/np/np/MYPackage2.vhd" into library work
Parsing VHDL file "C:/Users/yousef/Desktop/np/np/np/MUX.vhd" into library work
Parsing VHDL file "C:/Users/yousef/Desktop/np/np/np/GenericReg.vhd" into library work
Parsing VHDL file "C:/Users/yousef/Desktop/np/np/np/DEC.vhd" into library work
Parsing VHDL file "C:/Users/yousef/Desktop/np/np/np/ALU_bit.vhd" into library work
WARNING:HDLCompiler:946 - "C:/Users/yousef/Desktop/np/np/np/ALU_bit.vhd" Line 63: Actual for formal port i2 is neither a static name nor a globally static expression
WARNING:HDLCompiler:946 - "C:/Users/yousef/Desktop/np/np/np/ALU_bit.vhd" Line 65: Actual for formal port i2 is neither a static name nor a globally static expression
WARNING:HDLCompiler:946 - "C:/Users/yousef/Desktop/np/np/np/ALU_bit.vhd" Line 69: Actual for formal port i0 is neither a static name nor a globally static expression
Parsing VHDL file "C:/Users/yousef/Desktop/np/np/np/Transational_Circuit.vhd" into library work
Parsing VHDL file "C:/Users/yousef/Desktop/np/np/np/RegisterFile.vhd" into library work
WARNING:HDLCompiler:946 - "C:/Users/yousef/Desktop/np/np/np/RegisterFile.vhd" Line 115: Actual for formal port lod is neither a static name nor a globally static expression
WARNING:HDLCompiler:946 - "C:/Users/yousef/Desktop/np/np/np/RegisterFile.vhd" Line 116: Actual for formal port lod is neither a static name nor a globally static expression
WARNING:HDLCompiler:946 - "C:/Users/yousef/Desktop/np/np/np/RegisterFile.vhd" Line 117: Actual for formal port lod is neither a static name nor a globally static expression
WARNING:HDLCompiler:946 - "C:/Users/yousef/Desktop/np/np/np/RegisterFile.vhd" Line 118: Actual for formal port lod is neither a static name nor a globally static expression
WARNING:HDLCompiler:946 - "C:/Users/yousef/Desktop/np/np/np/RegisterFile.vhd" Line 119: Actual for formal port lod is neither a static name nor a globally static expression
WARNING:HDLCompiler:946 - "C:/Users/yousef/Desktop/np/np/np/RegisterFile.vhd" Line 120: Actual for formal port lod is neither a static name nor a globally static expression
WARNING:HDLCompiler:946 - "C:/Users/yousef/Desktop/np/np/np/RegisterFile.vhd" Line 121: Actual for formal port lod is neither a static name nor a globally static expression
WARNING:HDLCompiler:946 - "C:/Users/yousef/Desktop/np/np/np/RegisterFile.vhd" Line 122: Actual for formal port lod is neither a static name nor a globally static expression
WARNING:HDLCompiler:946 - "C:/Users/yousef/Desktop/np/np/np/RegisterFile.vhd" Line 123: Actual for formal port lod is neither a static name nor a globally static expression
WARNING:HDLCompiler:946 - "C:/Users/yousef/Desktop/np/np/np/RegisterFile.vhd" Line 124: Actual for formal port lod is neither a static name nor a globally static expression
WARNING:HDLCompiler:946 - "C:/Users/yousef/Desktop/np/np/np/RegisterFile.vhd" Line 125: Actual for formal port lod is neither a static name nor a globally static expression
WARNING:HDLCompiler:946 - "C:/Users/yousef/Desktop/np/np/np/RegisterFile.vhd" Line 126: Actual for formal port lod is neither a static name nor a globally static expression
WARNING:HDLCompiler:946 - "C:/Users/yousef/Desktop/np/np/np/RegisterFile.vhd" Line 127: Actual for formal port lod is neither a static name nor a globally static expression
WARNING:HDLCompiler:946 - "C:/Users/yousef/Desktop/np/np/np/RegisterFile.vhd" Line 128: Actual for formal port lod is neither a static name nor a globally static expression
WARNING:HDLCompiler:946 - "C:/Users/yousef/Desktop/np/np/np/RegisterFile.vhd" Line 129: Actual for formal port lod is neither a static name nor a globally static expression
WARNING:HDLCompiler:946 - "C:/Users/yousef/Desktop/np/np/np/RegisterFile.vhd" Line 130: Actual for formal port lod is neither a static name nor a globally static expression
WARNING:HDLCompiler:946 - "C:/Users/yousef/Desktop/np/np/np/RegisterFile.vhd" Line 131: Actual for formal port lod is neither a static name nor a globally static expression
WARNING:HDLCompiler:946 - "C:/Users/yousef/Desktop/np/np/np/RegisterFile.vhd" Line 132: Actual for formal port lod is neither a static name nor a globally static expression
WARNING:HDLCompiler:946 - "C:/Users/yousef/Desktop/np/np/np/RegisterFile.vhd" Line 133: Actual for formal port lod is neither a static name nor a globally static expression
WARNING:HDLCompiler:946 - "C:/Users/yousef/Desktop/np/np/np/RegisterFile.vhd" Line 134: Actual for formal port lod is neither a static name nor a globally static expression
WARNING:HDLCompiler:946 - "C:/Users/yousef/Desktop/np/np/np/RegisterFile.vhd" Line 135: Actual for formal port lod is neither a static name nor a globally static expression
WARNING:HDLCompiler:946 - "C:/Users/yousef/Desktop/np/np/np/RegisterFile.vhd" Line 136: Actual for formal port lod is neither a static name nor a globally static expression
WARNING:HDLCompiler:946 - "C:/Users/yousef/Desktop/np/np/np/RegisterFile.vhd" Line 137: Actual for formal port lod is neither a static name nor a globally static expression
WARNING:HDLCompiler:946 - "C:/Users/yousef/Desktop/np/np/np/RegisterFile.vhd" Line 138: Actual for formal port lod is neither a static name nor a globally static expression
WARNING:HDLCompiler:946 - "C:/Users/yousef/Desktop/np/np/np/RegisterFile.vhd" Line 139: Actual for formal port lod is neither a static name nor a globally static expression
WARNING:HDLCompiler:946 - "C:/Users/yousef/Desktop/np/np/np/RegisterFile.vhd" Line 140: Actual for formal port lod is neither a static name nor a globally static expression
WARNING:HDLCompiler:946 - "C:/Users/yousef/Desktop/np/np/np/RegisterFile.vhd" Line 141: Actual for formal port lod is neither a static name nor a globally static expression
WARNING:HDLCompiler:946 - "C:/Users/yousef/Desktop/np/np/np/RegisterFile.vhd" Line 142: Actual for formal port lod is neither a static name nor a globally static expression
WARNING:HDLCompiler:946 - "C:/Users/yousef/Desktop/np/np/np/RegisterFile.vhd" Line 143: Actual for formal port lod is neither a static name nor a globally static expression
WARNING:HDLCompiler:946 - "C:/Users/yousef/Desktop/np/np/np/RegisterFile.vhd" Line 144: Actual for formal port lod is neither a static name nor a globally static expression
WARNING:HDLCompiler:946 - "C:/Users/yousef/Desktop/np/np/np/RegisterFile.vhd" Line 145: Actual for formal port lod is neither a static name nor a globally static expression
Parsing VHDL file "C:/Users/yousef/Desktop/np/np/np/news.vhd" into library work
Parsing VHDL file "C:/Users/yousef/Desktop/np/np/np/MMPackage.vhd" into library work
Parsing VHDL file "C:/Users/yousef/Desktop/np/np/np/InstMem.V3.vhd" into library work
Parsing VHDL file "C:/Users/yousef/Desktop/np/np/np/Condition.vhd" into library work
Parsing VHDL file "C:/Users/yousef/Desktop/np/np/np/ALU.vhd" into library work
Parsing VHDL file "C:/Users/yousef/Desktop/np/np/np/MainModule.vhd" into library work
WARNING:HDLCompiler:946 - "C:/Users/yousef/Desktop/np/np/np/MainModule.vhd" Line 59: Actual for formal port clr is neither a static name nor a globally static expression
WARNING:HDLCompiler:946 - "C:/Users/yousef/Desktop/np/np/np/MainModule.vhd" Line 66: Actual for formal port loadit is neither a static name nor a globally static expression
Parsing VHDL file "C:/Users/yousef/Desktop/np/np/np/RobotTest.vhd" into library work
Starting static elaboration
Completed static elaboration
Compiling package standard
Compiling package std_logic_1164
Compiling package std_logic_arith
Compiling package std_logic_unsigned
Compiling package numeric_std
Compiling package mmpackage
Compiling package news
Compiling package std_logic_signed
Compiling package textio
Compiling package std_logic_textio
Compiling package mypackage2
Compiling package mypackage
Compiling architecture behavioral of entity Condition [condition_default]
Compiling architecture behavioral of entity reg [\reg(6)\]
Compiling architecture behavioral of entity INSTRMEMORY [\INSTRMEMORY(64,32,32)\]
Compiling architecture behavioral of entity DEC [dec_default]
Compiling architecture behavioral of entity Reg32_0 [\Reg32_0(32)\]
Compiling architecture behavioral of entity reg32_1 [reg32_1_default]
Compiling architecture behavioral of entity reg [\reg(32)\]
Compiling architecture behavioral of entity MUX [\MUX(32)\]
Compiling architecture behavioral of entity RegisterFile [registerfile_default]
Compiling architecture behavioral of entity Transational_Circuit [transational_circuit_default]
Compiling package package1
Compiling architecture behavioral of entity MUX2x1 [mux2x1_default]
Compiling architecture behavioral of entity adder_bit [adder_bit_default]
Compiling architecture behavioral of entity MUX4x1 [mux4x1_default]
Compiling architecture behavioral of entity ALU_bit [alu_bit_default]
Compiling architecture behavioral of entity ALU [alu_default]
Compiling architecture behavioral of entity MainModule [mainmodule_default]
Compiling architecture behavior of entity robottest
Time Resolution for simulation is 1ps.
Waiting for 21 sub-compilation(s) to finish...
Compiled 46 VHDL Units
Built simulation executable C:/Users/yousef/Desktop/np/np/np/RobotTest_isim_beh.exe
Fuse Memory Usage: 39044 KB
Fuse CPU Usage: 1218 ms
